2022-01-11 01:20:42,904:WARNING:discord.client: PyNaCl is not installed, voice will NOT be supported
2022-01-11 01:20:42,904:DEBUG:discord.client: on_ready has successfully been registered as an event
2022-01-11 01:20:42,904:INFO:discord.client: logging in using static token
2022-01-11 01:20:43,362:DEBUG:discord.http: GET https://discord.com/api/v7/users/@me with None has returned 200
2022-01-11 01:20:43,362:DEBUG:discord.http: GET https://discord.com/api/v7/users/@me has received {'id': '905033935417909259', 'username': 'MyMemeBot', 'avatar': 'e792882ac8d5027c3d427e00c3c87b7c', 'discriminator': '1876', 'public_flags': 0, 'flags': 0, 'bot': True, 'banner': None, 'banner_color': None, 'accent_color': None, 'bio': '', 'locale': 'en-US', 'mfa_enabled': False, 'email': None, 'verified': True}
2022-01-11 01:20:43,414:DEBUG:discord.http: GET https://discord.com/api/v7/gateway with None has returned 200
2022-01-11 01:20:43,414:DEBUG:discord.http: GET https://discord.com/api/v7/gateway has received {'url': 'wss://gateway.discord.gg'}
2022-01-11 01:20:43,796:DEBUG:discord.gateway: Created websocket connected to wss://gateway.discord.gg?encoding=json&v=6&compress=zlib-stream
2022-01-11 01:20:43,796:DEBUG:discord.client: Dispatching event socket_raw_receive
2022-01-11 01:20:43,796:DEBUG:discord.gateway: For Shard ID None: WebSocket Event: {'t': None, 's': None, 'op': 10, 'd': {'heartbeat_interval': 41250, '_trace': ['["gateway-prd-main-b5mb",{"micros":0.0}]']}}
2022-01-11 01:20:43,796:DEBUG:discord.client: Dispatching event socket_response
2022-01-11 01:20:43,796:DEBUG:discord.client: Dispatching event socket_raw_send
2022-01-11 01:20:43,812:DEBUG:discord.client: Dispatching event socket_raw_send
2022-01-11 01:20:43,812:INFO:discord.gateway: Shard ID None has sent the IDENTIFY payload.
2022-01-11 01:20:43,949:DEBUG:discord.client: Dispatching event socket_raw_receive
2022-01-11 01:20:43,950:DEBUG:discord.gateway: For Shard ID None: WebSocket Event: {'t': None, 's': None, 'op': 11, 'd': None}
2022-01-11 01:20:43,950:DEBUG:discord.client: Dispatching event socket_response
2022-01-11 01:20:44,063:DEBUG:discord.client: Dispatching event socket_raw_receive
2022-01-11 01:20:44,063:DEBUG:discord.gateway: For Shard ID None: WebSocket Event: {'t': 'READY', 's': 1, 'op': 0, 'd': {'v': 6, 'user_settings': {}, 'user': {'verified': True, 'username': 'MyMemeBot', 'mfa_enabled': False, 'id': '905033935417909259', 'flags': 0, 'email': None, 'discriminator': '1876', 'bot': True, 'avatar': 'e792882ac8d5027c3d427e00c3c87b7c'}, 'session_id': '4d83295014d9dfe2d7e8435673b938ed', 'relationships': [], 'private_channels': [], 'presences': [], 'guilds': [{'unavailable': True, 'id': '876079428487225394'}], 'guild_join_requests': [], 'geo_ordered_rtc_regions': ['milan', 'russia', 'st-pete', 'stockholm', 'rotterdam'], 'application': {'id': '905033935417909259', 'flags': 262144}, '_trace': ['["gateway-prd-main-b5mb",{"micros":110595,"calls":["discord-sessions-blue-prd-2-65",{"micros":109684,"calls":["start_session",{"micros":83090,"calls":["api-prd-main-w8n1",{"micros":74101,"calls":["get_user",{"micros":7350},"add_authorized_ip",{"micros":4679},"get_guilds",{"micros":14507},"coros_wait",{"micros":1}]}]},"guilds_connect",{"micros":1,"calls":[]},"presence_connect",{"micros":12469,"calls":[]}]}]}]']}}
2022-01-11 01:20:44,063:DEBUG:discord.client: Dispatching event socket_response
2022-01-11 01:20:44,065:INFO:discord.gateway: Shard ID None has connected to Gateway: ["gateway-prd-main-b5mb",{"micros":110595,"calls":["discord-sessions-blue-prd-2-65",{"micros":109684,"calls":["start_session",{"micros":83090,"calls":["api-prd-main-w8n1",{"micros":74101,"calls":["get_user",{"micros":7350},"add_authorized_ip",{"micros":4679},"get_guilds",{"micros":14507},"coros_wait",{"micros":1}]}]},"guilds_connect",{"micros":1,"calls":[]},"presence_connect",{"micros":12469,"calls":[]}]}]}] (Session ID: 4d83295014d9dfe2d7e8435673b938ed).
2022-01-11 01:20:44,086:DEBUG:discord.client: Dispatching event connect
2022-01-11 01:20:44,086:DEBUG:discord.client: Dispatching event socket_raw_receive
2022-01-11 01:20:44,330:DEBUG:discord.gateway: For Shard ID None: WebSocket Event: {'t': 'GUILD_MEMBER_UPDATE', 's': 2, 'op': 0, 'd': {'user': {'username': 'MyMemeBot', 'id': '905033935417909259', 'discriminator': '1876', 'bot': True, 'avatar': 'e792882ac8d5027c3d427e00c3c87b7c'}, 'roles': ['905040257655922709'], 'mute': False, 'joined_at': '2021-11-02T10:26:52.285000+00:00', 'hoisted_role': None, 'guild_id': '876079428487225394', 'deaf': False}}
2022-01-11 01:20:44,338:DEBUG:discord.client: Dispatching event socket_response
2022-01-11 01:20:44,338:DEBUG:discord.state: GUILD_MEMBER_UPDATE referencing an unknown member ID: 905033935417909259. Discarding.
2022-01-11 01:20:44,339:DEBUG:discord.client: Dispatching event socket_raw_receive
2022-01-11 01:20:44,339:DEBUG:discord.gateway: For Shard ID None: WebSocket Event: {'t': 'GUILD_CREATE', 's': 3, 'op': 0, 'd': {'guild_hashes': {'version': 1, 'roles': {'omitted': False, 'hash': 'X9SfBNUnLZU'}, 'metadata': {'omitted': False, 'hash': 'dYRjie6WxRM'}, 'channels': {'omitted': False, 'hash': 'j/HVhGcFCYo'}}, 'name': 'Book Club', 'max_video_channel_users': 25, 'vanity_url_code': None, 'member_count': 16, 'nsfw_level': 0, 'description': None, 'emojis': [], 'discovery_splash': None, 'large': False, 'icon': 'baa0c41ba88c2bfacbfce4661c24e08d', 'system_channel_flags': 0, 'default_message_notifications': 0, 'presences': [], 'afk_timeout': 300, 'system_channel_id': '876079428487225399', 'channels': [{'type': 4, 'position': 0, 'permission_overwrites': [], 'name': 'Information', 'id': '876079428487225395'}, {'type': 0, 'topic': None, 'rate_limit_per_user': 0, 'position': 1, 'permission_overwrites': [], 'parent_id': '876079428487225395', 'name': 'welcome-and-rules', 'last_message_id': '924373266003533886', 'id': '876079428487225396'}, {'type': 0, 'topic': None, 'rate_limit_per_user': 0, 'position': 2, 'permission_overwrites': [], 'parent_id': '876079428487225395', 'name': 'notes-resources', 'last_message_id': '877958128736538654', 'id': '876079428487225397'}, {'type': 4, 'position': 3, 'permission_overwrites': [], 'name': 'Text Channels', 'id': '876079428487225398'}, {'type': 0, 'topic': None, 'rate_limit_per_user': 0, 'position': 4, 'permission_overwrites': [], 'parent_id': '876079428487225398', 'name': 'general', 'last_message_id': '929675753262555186', 'id': '876079428487225399'}, {'type': 4, 'position': 8, 'permission_overwrites': [], 'name': 'Voice Channels', 'id': '876079428944412714'}, {'user_limit': 0, 'type': 2, 'rtc_region': None, 'rate_limit_per_user': 0, 'position': 10, 'permission_overwrites': [], 'parent_id': '876079428944412714', 'name': 'Study Room 1', 'last_message_id': None, 'id': '876079428944412716', 'bitrate': 96000}], 'rules_channel_id': None, 'hub_type': None, 'joined_at': '2021-11-02T10:26:52.285000+00:00', 'application_command_count': 0, 'lazy': True, 'nsfw': False, 'public_updates_channel_id': None, 'region': 'deprecated', 'stage_instances': [], 'premium_tier': 0, 'owner_id': '237261877455880193', 'voice_states': [], 'explicit_content_filter': 0, 'application_id': None, 'threads': [], 'features': [], 'splash': None, 'members': [{'user': {'username': 'MyMemeBot', 'id': '905033935417909259', 'discriminator': '1876', 'bot': True, 'avatar': 'e792882ac8d5027c3d427e00c3c87b7c'}, 'roles': ['905040257655922709'], 'mute': False, 'joined_at': '2021-11-02T10:26:52.285000+00:00', 'hoisted_role': None, 'deaf': False}], 'stickers': [], 'unavailable': False, 'afk_channel_id': None, 'verification_level': 0, 'max_members': 250000, 'mfa_level': 0, 'id': '876079428487225394', 'premium_subscription_count': 0, 'roles': [{'unicode_emoji': None, 'position': 0, 'permissions_new': '1071698660929', 'permissions': 104320577, 'name': '@everyone', 'mentionable': False, 'managed': False, 'id': '876079428487225394', 'icon': None, 'hoist': False, 'color': 0}, {'unicode_emoji': None, 'tags': {'bot_id': '905033935417909259'}, 'position': 1, 'permissions_new': '517543943232', 'permissions': 384064, 'name': 'MyMemeApp', 'mentionable': False, 'managed': True, 'id': '905040257655922709', 'icon': None, 'hoist': False, 'color': 0}], 'application_command_counts': {'3': 0, '2': 0, '1': 0}, 'embedded_activities': [], 'preferred_locale': 'en-US', 'guild_scheduled_events': [], 'premium_progress_bar_enabled': False, 'banner': None}}
2022-01-11 01:20:44,339:DEBUG:discord.client: Dispatching event socket_response
2022-01-11 01:20:44,339:DEBUG:discord.client: Dispatching event guild_available
2022-01-11 01:20:46,344:DEBUG:discord.client: Dispatching event ready
2022-01-11 01:21:00,896:DEBUG:discord.client: Dispatching event socket_raw_receive
2022-01-11 01:21:00,897:DEBUG:discord.gateway: For Shard ID None: WebSocket Event: {'t': 'MESSAGE_CREATE', 's': 4, 'op': 0, 'd': {'type': 0, 'tts': False, 'timestamp': '2022-01-10T22:21:00.358000+00:00', 'referenced_message': None, 'pinned': False, 'nonce': '930224739304079360', 'mentions': [], 'mention_roles': [], 'mention_everyone': False, 'member': {'roles': [], 'mute': False, 'joined_at': '2021-08-14T12:26:52.564000+00:00', 'hoisted_role': None, 'deaf': False}, 'id': '930224738331160616', 'flags': 0, 'embeds': [], 'edited_timestamp': None, 'content': '!meme', 'components': [], 'channel_id': '876079428487225399', 'author': {'username': 'ali.asghar881', 'public_flags': 0, 'id': '237261877455880193', 'discriminator': '5473', 'avatar': '4b261a1c63f657f369872e0094976aa2'}, 'attachments': [], 'guild_id': '876079428487225394'}}
2022-01-11 01:21:00,897:DEBUG:discord.client: Dispatching event socket_response
2022-01-11 01:21:00,898:DEBUG:discord.client: Dispatching event message
2022-01-11 01:21:00,899:DEBUG:discord.client: Dispatching event command
2022-01-11 01:21:01,277:DEBUG:discord.http: POST https://discord.com/api/v7/users/@me/channels with {"recipient_id":237261877455880193} has returned 200
2022-01-11 01:21:01,277:DEBUG:discord.http: POST https://discord.com/api/v7/users/@me/channels has received {'id': '920726574716829741', 'type': 1, 'last_message_id': '929678614683865110', 'recipients': [{'id': '237261877455880193', 'username': 'ali.asghar881', 'avatar': '4b261a1c63f657f369872e0094976aa2', 'discriminator': '5473', 'public_flags': 0}]}
2022-01-11 01:21:01,430:DEBUG:discord.client: Dispatching event socket_raw_receive
2022-01-11 01:21:01,430:DEBUG:discord.gateway: For Shard ID None: WebSocket Event: {'t': 'CHANNEL_CREATE', 's': 5, 'op': 0, 'd': {'type': 1, 'recipients': [{'username': 'ali.asghar881', 'public_flags': 0, 'id': '237261877455880193', 'discriminator': '5473', 'avatar': '4b261a1c63f657f369872e0094976aa2'}], 'last_message_id': '929678614683865110', 'id': '920726574716829741'}}
2022-01-11 01:21:01,430:DEBUG:discord.client: Dispatching event socket_response
2022-01-11 01:21:01,926:DEBUG:discord.http: POST https://discord.com/api/v7/channels/920726574716829741/messages with {"content":"Bot activated! You can now use the !findcommand to search for the background imageor use !upload to upload your own."} has returned 200
2022-01-11 01:21:01,926:DEBUG:discord.http: POST https://discord.com/api/v7/channels/920726574716829741/messages has received {'id': '930224741950836806', 'type': 0, 'content': 'Bot activated! You can now use the !findcommand to search for the background imageor use !upload to upload your own.', 'channel_id': '920726574716829741', 'author': {'id': '905033935417909259', 'username': 'MyMemeBot', 'avatar': 'e792882ac8d5027c3d427e00c3c87b7c', 'discriminator': '1876', 'public_flags': 0, 'bot': True}, 'attachments': [], 'embeds': [], 'mentions': [], 'mention_roles': [], 'pinned': False, 'mention_everyone': False, 'tts': False, 'timestamp': '2022-01-10T22:21:01.221000+00:00', 'edited_timestamp': None, 'flags': 0, 'components': [], 'referenced_message': None}
2022-01-11 01:21:01,926:DEBUG:discord.client: Dispatching event command_completion
2022-01-11 01:21:01,926:DEBUG:discord.client: Dispatching event socket_raw_receive
2022-01-11 01:21:01,926:DEBUG:discord.gateway: For Shard ID None: WebSocket Event: {'t': 'CHANNEL_CREATE', 's': 6, 'op': 0, 'd': {'type': 1, 'recipients': [{'username': 'ali.asghar881', 'public_flags': 0, 'id': '237261877455880193', 'discriminator': '5473', 'avatar': '4b261a1c63f657f369872e0094976aa2'}], 'last_message_id': '930224741950836806', 'id': '920726574716829741'}}
2022-01-11 01:21:01,926:DEBUG:discord.client: Dispatching event socket_response
2022-01-11 01:21:01,926:DEBUG:discord.client: Dispatching event socket_raw_receive
2022-01-11 01:21:01,926:DEBUG:discord.gateway: For Shard ID None: WebSocket Event: {'t': 'MESSAGE_CREATE', 's': 7, 'op': 0, 'd': {'type': 0, 'tts': False, 'timestamp': '2022-01-10T22:21:01.221000+00:00', 'referenced_message': None, 'pinned': False, 'mentions': [], 'mention_roles': [], 'mention_everyone': False, 'id': '930224741950836806', 'flags': 0, 'embeds': [], 'edited_timestamp': None, 'content': 'Bot activated! You can now use the !findcommand to search for the background imageor use !upload to upload your own.', 'components': [], 'channel_id': '920726574716829741', 'author': {'username': 'MyMemeBot', 'public_flags': 0, 'id': '905033935417909259', 'discriminator': '1876', 'bot': True, 'avatar': 'e792882ac8d5027c3d427e00c3c87b7c'}, 'attachments': []}}
2022-01-11 01:21:01,926:DEBUG:discord.client: Dispatching event socket_response
2022-01-11 01:21:01,926:DEBUG:discord.client: Dispatching event message
2022-01-11 01:21:14,004:DEBUG:discord.client: Dispatching event socket_raw_receive
2022-01-11 01:21:14,004:DEBUG:discord.gateway: For Shard ID None: WebSocket Event: {'t': 'CHANNEL_CREATE', 's': 8, 'op': 0, 'd': {'type': 1, 'recipients': [{'username': 'ali.asghar881', 'public_flags': 0, 'id': '237261877455880193', 'discriminator': '5473', 'avatar': '4b261a1c63f657f369872e0094976aa2'}], 'last_message_id': '930224792316047370', 'id': '920726574716829741'}}
2022-01-11 01:21:14,005:DEBUG:discord.client: Dispatching event socket_response
2022-01-11 01:21:14,006:DEBUG:discord.client: Dispatching event socket_raw_receive
2022-01-11 01:21:14,006:DEBUG:discord.gateway: For Shard ID None: WebSocket Event: {'t': 'MESSAGE_CREATE', 's': 9, 'op': 0, 'd': {'type': 0, 'tts': False, 'timestamp': '2022-01-10T22:21:13.229000+00:00', 'referenced_message': None, 'pinned': False, 'nonce': '930224793515458560', 'mentions': [], 'mention_roles': [], 'mention_everyone': False, 'id': '930224792316047370', 'flags': 0, 'embeds': [], 'edited_timestamp': None, 'content': '!find funny cat images', 'components': [], 'channel_id': '920726574716829741', 'author': {'username': 'ali.asghar881', 'public_flags': 0, 'id': '237261877455880193', 'discriminator': '5473', 'avatar': '4b261a1c63f657f369872e0094976aa2'}, 'attachments': []}}
2022-01-11 01:21:14,007:DEBUG:discord.client: Dispatching event socket_response
2022-01-11 01:21:14,007:DEBUG:discord.client: Dispatching event message
2022-01-11 01:21:14,008:DEBUG:discord.client: Dispatching event command
2022-01-11 01:21:14,393:DEBUG:discord.client: Dispatching event socket_raw_receive
2022-01-11 01:21:14,393:DEBUG:discord.gateway: For Shard ID None: WebSocket Event: {'t': 'CHANNEL_CREATE', 's': 10, 'op': 0, 'd': {'type': 1, 'recipients': [{'username': 'ali.asghar881', 'public_flags': 0, 'id': '237261877455880193', 'discriminator': '5473', 'avatar': '4b261a1c63f657f369872e0094976aa2'}], 'last_message_id': '930224794333491200', 'id': '920726574716829741'}}
2022-01-11 01:21:14,404:DEBUG:discord.client: Dispatching event socket_response
2022-01-11 01:21:14,404:DEBUG:discord.client: Dispatching event socket_raw_receive
2022-01-11 01:21:14,405:DEBUG:discord.gateway: For Shard ID None: WebSocket Event: {'t': 'MESSAGE_CREATE', 's': 11, 'op': 0, 'd': {'type': 0, 'tts': False, 'timestamp': '2022-01-10T22:21:13.710000+00:00', 'referenced_message': None, 'pinned': False, 'mentions': [], 'mention_roles': [], 'mention_everyone': False, 'id': '930224794333491200', 'flags': 0, 'embeds': [], 'edited_timestamp': None, 'content': 'Finding image results for funny cat images. Please wait...', 'components': [], 'channel_id': '920726574716829741', 'author': {'username': 'MyMemeBot', 'public_flags': 0, 'id': '905033935417909259', 'discriminator': '1876', 'bot': True, 'avatar': 'e792882ac8d5027c3d427e00c3c87b7c'}, 'attachments': []}}
2022-01-11 01:21:14,405:DEBUG:discord.client: Dispatching event socket_response
2022-01-11 01:21:14,405:DEBUG:discord.client: Dispatching event message
2022-01-11 01:21:14,405:DEBUG:discord.http: POST https://discord.com/api/v7/channels/920726574716829741/messages with {"content":"Finding image results for funny cat images. Please wait..."} has returned 200
2022-01-11 01:21:14,405:DEBUG:discord.http: POST https://discord.com/api/v7/channels/920726574716829741/messages has received {'id': '930224794333491200', 'type': 0, 'content': 'Finding image results for funny cat images. Please wait...', 'channel_id': '920726574716829741', 'author': {'id': '905033935417909259', 'username': 'MyMemeBot', 'avatar': 'e792882ac8d5027c3d427e00c3c87b7c', 'discriminator': '1876', 'public_flags': 0, 'bot': True}, 'attachments': [], 'embeds': [], 'mentions': [], 'mention_roles': [], 'pinned': False, 'mention_everyone': False, 'tts': False, 'timestamp': '2022-01-10T22:21:13.710000+00:00', 'edited_timestamp': None, 'flags': 0, 'components': [], 'referenced_message': None}
2022-01-11 01:21:17,304:DEBUG:discord.client: Dispatching event socket_raw_receive
2022-01-11 01:21:17,304:DEBUG:discord.gateway: For Shard ID None: WebSocket Event: {'t': 'CHANNEL_CREATE', 's': 12, 'op': 0, 'd': {'type': 1, 'recipients': [{'username': 'ali.asghar881', 'public_flags': 0, 'id': '237261877455880193', 'discriminator': '5473', 'avatar': '4b261a1c63f657f369872e0094976aa2'}], 'last_message_id': '930224806220140565', 'id': '920726574716829741'}}
2022-01-11 01:21:17,304:DEBUG:discord.client: Dispatching event socket_response
2022-01-11 01:21:17,304:DEBUG:discord.client: Dispatching event socket_raw_receive
2022-01-11 01:21:17,304:DEBUG:discord.gateway: For Shard ID None: WebSocket Event: {'t': 'MESSAGE_CREATE', 's': 13, 'op': 0, 'd': {'type': 0, 'tts': False, 'timestamp': '2022-01-10T22:21:16.544000+00:00', 'referenced_message': None, 'pinned': False, 'mentions': [], 'mention_roles': [], 'mention_everyone': False, 'id': '930224806220140565', 'flags': 0, 'embeds': [], 'edited_timestamp': None, 'content': '', 'components': [], 'channel_id': '920726574716829741', 'author': {'username': 'MyMemeBot', 'public_flags': 0, 'id': '905033935417909259', 'discriminator': '1876', 'bot': True, 'avatar': 'e792882ac8d5027c3d427e00c3c87b7c'}, 'attachments': [{'width': 1024, 'url': 'https://cdn.discordapp.com/attachments/920726574716829741/930224806316638268/1.jpg', 'size': 108290, 'proxy_url': 'https://media.discordapp.net/attachments/920726574716829741/930224806316638268/1.jpg', 'id': '930224806316638268', 'height': 768, 'filename': '1.jpg', 'content_type': 'image/jpeg'}]}}
2022-01-11 01:21:17,304:DEBUG:discord.client: Dispatching event socket_response
2022-01-11 01:21:17,304:DEBUG:discord.client: Dispatching event message
2022-01-11 01:21:17,304:DEBUG:discord.http: POST https://discord.com/api/v7/channels/920726574716829741/messages with <aiohttp.formdata.FormData object at 0x0000022FA20E4D30> has returned 200
2022-01-11 01:21:17,304:DEBUG:discord.http: POST https://discord.com/api/v7/channels/920726574716829741/messages has received {'id': '930224806220140565', 'type': 0, 'content': '', 'channel_id': '920726574716829741', 'author': {'id': '905033935417909259', 'username': 'MyMemeBot', 'avatar': 'e792882ac8d5027c3d427e00c3c87b7c', 'discriminator': '1876', 'public_flags': 0, 'bot': True}, 'attachments': [{'id': '930224806316638268', 'filename': '1.jpg', 'size': 108290, 'url': 'https://cdn.discordapp.com/attachments/920726574716829741/930224806316638268/1.jpg', 'proxy_url': 'https://media.discordapp.net/attachments/920726574716829741/930224806316638268/1.jpg', 'width': 1024, 'height': 768, 'content_type': 'image/jpeg'}], 'embeds': [], 'mentions': [], 'mention_roles': [], 'pinned': False, 'mention_everyone': False, 'tts': False, 'timestamp': '2022-01-10T22:21:16.544000+00:00', 'edited_timestamp': None, 'flags': 0, 'components': [], 'referenced_message': None}
2022-01-11 01:21:19,221:DEBUG:discord.client: Dispatching event socket_raw_receive
2022-01-11 01:21:19,221:DEBUG:discord.gateway: For Shard ID None: WebSocket Event: {'t': 'CHANNEL_CREATE', 's': 14, 'op': 0, 'd': {'type': 1, 'recipients': [{'username': 'ali.asghar881', 'public_flags': 0, 'id': '237261877455880193', 'discriminator': '5473', 'avatar': '4b261a1c63f657f369872e0094976aa2'}], 'last_message_id': '930224814763933798', 'id': '920726574716829741'}}
2022-01-11 01:21:19,222:DEBUG:discord.client: Dispatching event socket_response
2022-01-11 01:21:19,223:DEBUG:discord.client: Dispatching event socket_raw_receive
2022-01-11 01:21:19,223:DEBUG:discord.gateway: For Shard ID None: WebSocket Event: {'t': 'MESSAGE_CREATE', 's': 15, 'op': 0, 'd': {'type': 0, 'tts': False, 'timestamp': '2022-01-10T22:21:18.581000+00:00', 'referenced_message': None, 'pinned': False, 'mentions': [], 'mention_roles': [], 'mention_everyone': False, 'id': '930224814763933798', 'flags': 0, 'embeds': [], 'edited_timestamp': None, 'content': '', 'components': [], 'channel_id': '920726574716829741', 'author': {'username': 'MyMemeBot', 'public_flags': 0, 'id': '905033935417909259', 'discriminator': '1876', 'bot': True, 'avatar': 'e792882ac8d5027c3d427e00c3c87b7c'}, 'attachments': [{'width': 1000, 'url': 'https://cdn.discordapp.com/attachments/920726574716829741/930224814914932797/2.jpg', 'size': 228079, 'proxy_url': 'https://media.discordapp.net/attachments/920726574716829741/930224814914932797/2.jpg', 'id': '930224814914932797', 'height': 846, 'filename': '2.jpg', 'content_type': 'image/jpeg'}]}}
2022-01-11 01:21:19,223:DEBUG:discord.client: Dispatching event socket_response
2022-01-11 01:21:19,223:DEBUG:discord.client: Dispatching event message
2022-01-11 01:21:19,223:DEBUG:discord.http: POST https://discord.com/api/v7/channels/920726574716829741/messages with <aiohttp.formdata.FormData object at 0x0000022FA20D7CD0> has returned 200
2022-01-11 01:21:19,223:DEBUG:discord.http: POST https://discord.com/api/v7/channels/920726574716829741/messages has received {'id': '930224814763933798', 'type': 0, 'content': '', 'channel_id': '920726574716829741', 'author': {'id': '905033935417909259', 'username': 'MyMemeBot', 'avatar': 'e792882ac8d5027c3d427e00c3c87b7c', 'discriminator': '1876', 'public_flags': 0, 'bot': True}, 'attachments': [{'id': '930224814914932797', 'filename': '2.jpg', 'size': 228079, 'url': 'https://cdn.discordapp.com/attachments/920726574716829741/930224814914932797/2.jpg', 'proxy_url': 'https://media.discordapp.net/attachments/920726574716829741/930224814914932797/2.jpg', 'width': 1000, 'height': 846, 'content_type': 'image/jpeg'}], 'embeds': [], 'mentions': [], 'mention_roles': [], 'pinned': False, 'mention_everyone': False, 'tts': False, 'timestamp': '2022-01-10T22:21:18.581000+00:00', 'edited_timestamp': None, 'flags': 0, 'components': [], 'referenced_message': None}
2022-01-11 01:21:20,841:DEBUG:discord.client: Dispatching event socket_raw_receive
2022-01-11 01:21:20,841:DEBUG:discord.gateway: For Shard ID None: WebSocket Event: {'t': 'CHANNEL_CREATE', 's': 16, 'op': 0, 'd': {'type': 1, 'recipients': [{'username': 'ali.asghar881', 'public_flags': 0, 'id': '237261877455880193', 'discriminator': '5473', 'avatar': '4b261a1c63f657f369872e0094976aa2'}], 'last_message_id': '930224821793599578', 'id': '920726574716829741'}}
2022-01-11 01:21:20,849:DEBUG:discord.client: Dispatching event socket_response
2022-01-11 01:21:20,850:DEBUG:discord.client: Dispatching event socket_raw_receive
2022-01-11 01:21:20,850:DEBUG:discord.gateway: For Shard ID None: WebSocket Event: {'t': 'MESSAGE_CREATE', 's': 17, 'op': 0, 'd': {'type': 0, 'tts': False, 'timestamp': '2022-01-10T22:21:20.257000+00:00', 'referenced_message': None, 'pinned': False, 'mentions': [], 'mention_roles': [], 'mention_everyone': False, 'id': '930224821793599578', 'flags': 0, 'embeds': [], 'edited_timestamp': None, 'content': '', 'components': [], 'channel_id': '920726574716829741', 'author': {'username': 'MyMemeBot', 'public_flags': 0, 'id': '905033935417909259', 'discriminator': '1876', 'bot': True, 'avatar': 'e792882ac8d5027c3d427e00c3c87b7c'}, 'attachments': [{'width': 1024, 'url': 'https://cdn.discordapp.com/attachments/920726574716829741/930224821600673792/3.jpg', 'size': 163810, 'proxy_url': 'https://media.discordapp.net/attachments/920726574716829741/930224821600673792/3.jpg', 'id': '930224821600673792', 'height': 1024, 'filename': '3.jpg', 'content_type': 'image/jpeg'}]}}
2022-01-11 01:21:20,850:DEBUG:discord.client: Dispatching event socket_response
2022-01-11 01:21:20,850:DEBUG:discord.client: Dispatching event message
2022-01-11 01:21:20,914:DEBUG:discord.http: POST https://discord.com/api/v7/channels/920726574716829741/messages with <aiohttp.formdata.FormData object at 0x0000022FA20D7CD0> has returned 200
2022-01-11 01:21:20,915:DEBUG:discord.http: POST https://discord.com/api/v7/channels/920726574716829741/messages has received {'id': '930224821793599578', 'type': 0, 'content': '', 'channel_id': '920726574716829741', 'author': {'id': '905033935417909259', 'username': 'MyMemeBot', 'avatar': 'e792882ac8d5027c3d427e00c3c87b7c', 'discriminator': '1876', 'public_flags': 0, 'bot': True}, 'attachments': [{'id': '930224821600673792', 'filename': '3.jpg', 'size': 163810, 'url': 'https://cdn.discordapp.com/attachments/920726574716829741/930224821600673792/3.jpg', 'proxy_url': 'https://media.discordapp.net/attachments/920726574716829741/930224821600673792/3.jpg', 'width': 1024, 'height': 1024, 'content_type': 'image/jpeg'}], 'embeds': [], 'mentions': [], 'mention_roles': [], 'pinned': False, 'mention_everyone': False, 'tts': False, 'timestamp': '2022-01-10T22:21:20.257000+00:00', 'edited_timestamp': None, 'flags': 0, 'components': [], 'referenced_message': None}
2022-01-11 01:21:22,697:DEBUG:discord.client: Dispatching event socket_raw_receive
2022-01-11 01:21:22,697:DEBUG:discord.gateway: For Shard ID None: WebSocket Event: {'t': 'CHANNEL_CREATE', 's': 18, 'op': 0, 'd': {'type': 1, 'recipients': [{'username': 'ali.asghar881', 'public_flags': 0, 'id': '237261877455880193', 'discriminator': '5473', 'avatar': '4b261a1c63f657f369872e0094976aa2'}], 'last_message_id': '930224829666312192', 'id': '920726574716829741'}}
2022-01-11 01:21:22,698:DEBUG:discord.client: Dispatching event socket_response
2022-01-11 01:21:22,698:DEBUG:discord.client: Dispatching event socket_raw_receive
2022-01-11 01:21:22,698:DEBUG:discord.gateway: For Shard ID None: WebSocket Event: {'t': 'MESSAGE_CREATE', 's': 19, 'op': 0, 'd': {'type': 0, 'tts': False, 'timestamp': '2022-01-10T22:21:22.134000+00:00', 'referenced_message': None, 'pinned': False, 'mentions': [], 'mention_roles': [], 'mention_everyone': False, 'id': '930224829666312192', 'flags': 0, 'embeds': [], 'edited_timestamp': None, 'content': '', 'components': [], 'channel_id': '920726574716829741', 'author': {'username': 'MyMemeBot', 'public_flags': 0, 'id': '905033935417909259', 'discriminator': '1876', 'bot': True, 'avatar': 'e792882ac8d5027c3d427e00c3c87b7c'}, 'attachments': [{'width': 650, 'url': 'https://cdn.discordapp.com/attachments/920726574716829741/930224829364334652/4.jpg', 'size': 82452, 'proxy_url': 'https://media.discordapp.net/attachments/920726574716829741/930224829364334652/4.jpg', 'id': '930224829364334652', 'height': 650, 'filename': '4.jpg', 'content_type': 'image/jpeg'}]}}
2022-01-11 01:21:22,698:DEBUG:discord.client: Dispatching event socket_response
2022-01-11 01:21:22,699:DEBUG:discord.client: Dispatching event message
2022-01-11 01:21:22,714:DEBUG:discord.http: POST https://discord.com/api/v7/channels/920726574716829741/messages with <aiohttp.formdata.FormData object at 0x0000022FA20D4A00> has returned 200
2022-01-11 01:21:22,714:DEBUG:discord.http: POST https://discord.com/api/v7/channels/920726574716829741/messages has received {'id': '930224829666312192', 'type': 0, 'content': '', 'channel_id': '920726574716829741', 'author': {'id': '905033935417909259', 'username': 'MyMemeBot', 'avatar': 'e792882ac8d5027c3d427e00c3c87b7c', 'discriminator': '1876', 'public_flags': 0, 'bot': True}, 'attachments': [{'id': '930224829364334652', 'filename': '4.jpg', 'size': 82452, 'url': 'https://cdn.discordapp.com/attachments/920726574716829741/930224829364334652/4.jpg', 'proxy_url': 'https://media.discordapp.net/attachments/920726574716829741/930224829364334652/4.jpg', 'width': 650, 'height': 650, 'content_type': 'image/jpeg'}], 'embeds': [], 'mentions': [], 'mention_roles': [], 'pinned': False, 'mention_everyone': False, 'tts': False, 'timestamp': '2022-01-10T22:21:22.134000+00:00', 'edited_timestamp': None, 'flags': 0, 'components': [], 'referenced_message': None}
2022-01-11 01:21:24,331:DEBUG:discord.http: POST https://discord.com/api/v7/channels/920726574716829741/messages with <aiohttp.formdata.FormData object at 0x0000022FA20E4E20> has returned 200
2022-01-11 01:21:24,332:DEBUG:discord.http: POST https://discord.com/api/v7/channels/920726574716829741/messages has received {'id': '930224836373004358', 'type': 0, 'content': '', 'channel_id': '920726574716829741', 'author': {'id': '905033935417909259', 'username': 'MyMemeBot', 'avatar': 'e792882ac8d5027c3d427e00c3c87b7c', 'discriminator': '1876', 'public_flags': 0, 'bot': True}, 'attachments': [{'id': '930224836184268921', 'filename': '5.jpg', 'size': 61968, 'url': 'https://cdn.discordapp.com/attachments/920726574716829741/930224836184268921/5.jpg', 'proxy_url': 'https://media.discordapp.net/attachments/920726574716829741/930224836184268921/5.jpg', 'width': 1024, 'height': 641, 'content_type': 'image/jpeg'}], 'embeds': [], 'mentions': [], 'mention_roles': [], 'pinned': False, 'mention_everyone': False, 'tts': False, 'timestamp': '2022-01-10T22:21:23.733000+00:00', 'edited_timestamp': None, 'flags': 0, 'components': [], 'referenced_message': None}
2022-01-11 01:21:24,335:DEBUG:discord.client: Dispatching event socket_raw_receive
2022-01-11 01:21:24,335:DEBUG:discord.gateway: For Shard ID None: WebSocket Event: {'t': 'CHANNEL_CREATE', 's': 20, 'op': 0, 'd': {'type': 1, 'recipients': [{'username': 'ali.asghar881', 'public_flags': 0, 'id': '237261877455880193', 'discriminator': '5473', 'avatar': '4b261a1c63f657f369872e0094976aa2'}], 'last_message_id': '930224836373004358', 'id': '920726574716829741'}}
2022-01-11 01:21:24,335:DEBUG:discord.client: Dispatching event socket_response
2022-01-11 01:21:24,338:DEBUG:discord.client: Dispatching event socket_raw_receive
2022-01-11 01:21:24,338:DEBUG:discord.gateway: For Shard ID None: WebSocket Event: {'t': 'MESSAGE_CREATE', 's': 21, 'op': 0, 'd': {'type': 0, 'tts': False, 'timestamp': '2022-01-10T22:21:23.733000+00:00', 'referenced_message': None, 'pinned': False, 'mentions': [], 'mention_roles': [], 'mention_everyone': False, 'id': '930224836373004358', 'flags': 0, 'embeds': [], 'edited_timestamp': None, 'content': '', 'components': [], 'channel_id': '920726574716829741', 'author': {'username': 'MyMemeBot', 'public_flags': 0, 'id': '905033935417909259', 'discriminator': '1876', 'bot': True, 'avatar': 'e792882ac8d5027c3d427e00c3c87b7c'}, 'attachments': [{'width': 1024, 'url': 'https://cdn.discordapp.com/attachments/920726574716829741/930224836184268921/5.jpg', 'size': 61968, 'proxy_url': 'https://media.discordapp.net/attachments/920726574716829741/930224836184268921/5.jpg', 'id': '930224836184268921', 'height': 641, 'filename': '5.jpg', 'content_type': 'image/jpeg'}]}}
2022-01-11 01:21:24,339:DEBUG:discord.client: Dispatching event socket_response
2022-01-11 01:21:24,339:DEBUG:discord.client: Dispatching event message
2022-01-11 01:21:24,341:DEBUG:discord.client: Dispatching event command_completion
2022-01-11 01:21:25,068:DEBUG:discord.gateway: Keeping shard ID None websocket alive with sequence 21.
2022-01-11 01:21:25,226:DEBUG:discord.client: Dispatching event socket_raw_receive
2022-01-11 01:21:25,227:DEBUG:discord.gateway: For Shard ID None: WebSocket Event: {'t': None, 's': None, 'op': 11, 'd': None}
2022-01-11 01:21:25,227:DEBUG:discord.client: Dispatching event socket_response
2022-01-11 01:21:36,721:DEBUG:discord.client: Dispatching event socket_raw_receive
2022-01-11 01:21:36,721:DEBUG:discord.gateway: For Shard ID None: WebSocket Event: {'t': 'CHANNEL_CREATE', 's': 22, 'op': 0, 'd': {'type': 1, 'recipients': [{'username': 'ali.asghar881', 'public_flags': 0, 'id': '237261877455880193', 'discriminator': '5473', 'avatar': '4b261a1c63f657f369872e0094976aa2'}], 'last_message_id': '930224888000692275', 'id': '920726574716829741'}}
2022-01-11 01:21:36,722:DEBUG:discord.client: Dispatching event socket_response
2022-01-11 01:21:36,722:DEBUG:discord.client: Dispatching event socket_raw_receive
2022-01-11 01:21:36,723:DEBUG:discord.gateway: For Shard ID None: WebSocket Event: {'t': 'MESSAGE_CREATE', 's': 23, 'op': 0, 'd': {'type': 0, 'tts': False, 'timestamp': '2022-01-10T22:21:36.042000+00:00', 'referenced_message': None, 'pinned': False, 'nonce': '930224889590185984', 'mentions': [], 'mention_roles': [], 'mention_everyone': False, 'id': '930224888000692275', 'flags': 0, 'embeds': [], 'edited_timestamp': None, 'content': '!select 2', 'components': [], 'channel_id': '920726574716829741', 'author': {'username': 'ali.asghar881', 'public_flags': 0, 'id': '237261877455880193', 'discriminator': '5473', 'avatar': '4b261a1c63f657f369872e0094976aa2'}, 'attachments': []}}
2022-01-11 01:21:36,723:DEBUG:discord.client: Dispatching event socket_response
2022-01-11 01:21:36,723:DEBUG:discord.client: Dispatching event message
2022-01-11 01:21:36,724:DEBUG:discord.client: Dispatching event command
2022-01-11 01:21:37,124:DEBUG:discord.http: POST https://discord.com/api/v7/channels/920726574716829741/messages with {"content":"Image number 2 was successfully selected."} has returned 200
2022-01-11 01:21:37,126:DEBUG:discord.http: POST https://discord.com/api/v7/channels/920726574716829741/messages has received {'id': '930224889540005969', 'type': 0, 'content': 'Image number 2 was successfully selected.', 'channel_id': '920726574716829741', 'author': {'id': '905033935417909259', 'username': 'MyMemeBot', 'avatar': 'e792882ac8d5027c3d427e00c3c87b7c', 'discriminator': '1876', 'public_flags': 0, 'bot': True}, 'attachments': [], 'embeds': [], 'mentions': [], 'mention_roles': [], 'pinned': False, 'mention_everyone': False, 'tts': False, 'timestamp': '2022-01-10T22:21:36.409000+00:00', 'edited_timestamp': None, 'flags': 0, 'components': [], 'referenced_message': None}
2022-01-11 01:21:37,127:DEBUG:discord.client: Dispatching event command_completion
2022-01-11 01:21:37,127:DEBUG:discord.client: Dispatching event socket_raw_receive
2022-01-11 01:21:37,127:DEBUG:discord.gateway: For Shard ID None: WebSocket Event: {'t': 'CHANNEL_CREATE', 's': 24, 'op': 0, 'd': {'type': 1, 'recipients': [{'username': 'ali.asghar881', 'public_flags': 0, 'id': '237261877455880193', 'discriminator': '5473', 'avatar': '4b261a1c63f657f369872e0094976aa2'}], 'last_message_id': '930224889540005969', 'id': '920726574716829741'}}
2022-01-11 01:21:37,127:DEBUG:discord.client: Dispatching event socket_response
2022-01-11 01:21:37,127:DEBUG:discord.client: Dispatching event socket_raw_receive
2022-01-11 01:21:37,127:DEBUG:discord.gateway: For Shard ID None: WebSocket Event: {'t': 'MESSAGE_CREATE', 's': 25, 'op': 0, 'd': {'type': 0, 'tts': False, 'timestamp': '2022-01-10T22:21:36.409000+00:00', 'referenced_message': None, 'pinned': False, 'mentions': [], 'mention_roles': [], 'mention_everyone': False, 'id': '930224889540005969', 'flags': 0, 'embeds': [], 'edited_timestamp': None, 'content': 'Image number 2 was successfully selected.', 'components': [], 'channel_id': '920726574716829741', 'author': {'username': 'MyMemeBot', 'public_flags': 0, 'id': '905033935417909259', 'discriminator': '1876', 'bot': True, 'avatar': 'e792882ac8d5027c3d427e00c3c87b7c'}, 'attachments': []}}
2022-01-11 01:21:37,127:DEBUG:discord.client: Dispatching event socket_response
2022-01-11 01:21:37,127:DEBUG:discord.client: Dispatching event message
2022-01-11 01:21:40,192:DEBUG:discord.client: Dispatching event socket_raw_receive
2022-01-11 01:21:40,192:DEBUG:discord.gateway: For Shard ID None: WebSocket Event: {'t': 'CHANNEL_CREATE', 's': 26, 'op': 0, 'd': {'type': 1, 'recipients': [{'username': 'ali.asghar881', 'public_flags': 0, 'id': '237261877455880193', 'discriminator': '5473', 'avatar': '4b261a1c63f657f369872e0094976aa2'}], 'last_message_id': '930224901657333760', 'id': '920726574716829741'}}
2022-01-11 01:21:40,192:DEBUG:discord.client: Dispatching event socket_response
2022-01-11 01:21:40,193:DEBUG:discord.client: Dispatching event socket_raw_receive
2022-01-11 01:21:40,193:DEBUG:discord.gateway: For Shard ID None: WebSocket Event: {'t': 'MESSAGE_CREATE', 's': 27, 'op': 0, 'd': {'type': 0, 'tts': False, 'timestamp': '2022-01-10T22:21:39.298000+00:00', 'referenced_message': None, 'pinned': False, 'nonce': '930224902881935360', 'mentions': [], 'mention_roles': [], 'mention_everyone': False, 'id': '930224901657333760', 'flags': 0, 'embeds': [], 'edited_timestamp': None, 'content': '!show', 'components': [], 'channel_id': '920726574716829741', 'author': {'username': 'ali.asghar881', 'public_flags': 0, 'id': '237261877455880193', 'discriminator': '5473', 'avatar': '4b261a1c63f657f369872e0094976aa2'}, 'attachments': []}}
2022-01-11 01:21:40,194:DEBUG:discord.client: Dispatching event socket_response
2022-01-11 01:21:40,194:DEBUG:discord.client: Dispatching event message
2022-01-11 01:21:40,195:DEBUG:discord.client: Dispatching event command
2022-01-11 01:21:41,204:DEBUG:discord.http: POST https://discord.com/api/v7/channels/920726574716829741/messages with <aiohttp.formdata.FormData object at 0x0000022FA20D48E0> has returned 200
2022-01-11 01:21:41,204:DEBUG:discord.http: POST https://discord.com/api/v7/channels/920726574716829741/messages has received {'id': '930224907256758313', 'type': 0, 'content': '', 'channel_id': '920726574716829741', 'author': {'id': '905033935417909259', 'username': 'MyMemeBot', 'avatar': 'e792882ac8d5027c3d427e00c3c87b7c', 'discriminator': '1876', 'public_flags': 0, 'bot': True}, 'attachments': [{'id': '930224907059597383', 'filename': 'selected_image.jpg', 'size': 228079, 'url': 'https://cdn.discordapp.com/attachments/920726574716829741/930224907059597383/selected_image.jpg', 'proxy_url': 'https://media.discordapp.net/attachments/920726574716829741/930224907059597383/selected_image.jpg', 'width': 1000, 'height': 846, 'content_type': 'image/jpeg'}], 'embeds': [], 'mentions': [], 'mention_roles': [], 'pinned': False, 'mention_everyone': False, 'tts': False, 'timestamp': '2022-01-10T22:21:40.633000+00:00', 'edited_timestamp': None, 'flags': 0, 'components': [], 'referenced_message': None}
2022-01-11 01:21:41,205:DEBUG:discord.client: Dispatching event command_completion
2022-01-11 01:21:41,207:DEBUG:discord.client: Dispatching event socket_raw_receive
2022-01-11 01:21:41,208:DEBUG:discord.gateway: For Shard ID None: WebSocket Event: {'t': 'CHANNEL_CREATE', 's': 28, 'op': 0, 'd': {'type': 1, 'recipients': [{'username': 'ali.asghar881', 'public_flags': 0, 'id': '237261877455880193', 'discriminator': '5473', 'avatar': '4b261a1c63f657f369872e0094976aa2'}], 'last_message_id': '930224907256758313', 'id': '920726574716829741'}}
2022-01-11 01:21:41,208:DEBUG:discord.client: Dispatching event socket_response
2022-01-11 01:21:41,209:DEBUG:discord.client: Dispatching event socket_raw_receive
2022-01-11 01:21:41,210:DEBUG:discord.gateway: For Shard ID None: WebSocket Event: {'t': 'MESSAGE_CREATE', 's': 29, 'op': 0, 'd': {'type': 0, 'tts': False, 'timestamp': '2022-01-10T22:21:40.633000+00:00', 'referenced_message': None, 'pinned': False, 'mentions': [], 'mention_roles': [], 'mention_everyone': False, 'id': '930224907256758313', 'flags': 0, 'embeds': [], 'edited_timestamp': None, 'content': '', 'components': [], 'channel_id': '920726574716829741', 'author': {'username': 'MyMemeBot', 'public_flags': 0, 'id': '905033935417909259', 'discriminator': '1876', 'bot': True, 'avatar': 'e792882ac8d5027c3d427e00c3c87b7c'}, 'attachments': [{'width': 1000, 'url': 'https://cdn.discordapp.com/attachments/920726574716829741/930224907059597383/selected_image.jpg', 'size': 228079, 'proxy_url': 'https://media.discordapp.net/attachments/920726574716829741/930224907059597383/selected_image.jpg', 'id': '930224907059597383', 'height': 846, 'filename': 'selected_image.jpg', 'content_type': 'image/jpeg'}]}}
2022-01-11 01:21:41,210:DEBUG:discord.client: Dispatching event socket_response
2022-01-11 01:21:41,212:DEBUG:discord.client: Dispatching event message
2022-01-11 01:21:45,872:DEBUG:discord.client: Dispatching event socket_raw_receive
2022-01-11 01:21:45,872:DEBUG:discord.gateway: For Shard ID None: WebSocket Event: {'t': 'CHANNEL_CREATE', 's': 30, 'op': 0, 'd': {'type': 1, 'recipients': [{'username': 'ali.asghar881', 'public_flags': 0, 'id': '237261877455880193', 'discriminator': '5473', 'avatar': '4b261a1c63f657f369872e0094976aa2'}], 'last_message_id': '930224927079010374', 'id': '920726574716829741'}}
2022-01-11 01:21:45,872:DEBUG:discord.client: Dispatching event socket_response
2022-01-11 01:21:45,872:DEBUG:discord.client: Dispatching event socket_raw_receive
2022-01-11 01:21:45,880:DEBUG:discord.gateway: For Shard ID None: WebSocket Event: {'t': 'MESSAGE_CREATE', 's': 31, 'op': 0, 'd': {'type': 0, 'tts': False, 'timestamp': '2022-01-10T22:21:45.359000+00:00', 'referenced_message': None, 'pinned': False, 'nonce': '930224928282640384', 'mentions': [], 'mention_roles': [], 'mention_everyone': False, 'id': '930224927079010374', 'flags': 0, 'embeds': [], 'edited_timestamp': None, 'content': '!edit', 'components': [], 'channel_id': '920726574716829741', 'author': {'username': 'ali.asghar881', 'public_flags': 0, 'id': '237261877455880193', 'discriminator': '5473', 'avatar': '4b261a1c63f657f369872e0094976aa2'}, 'attachments': []}}
2022-01-11 01:21:45,880:DEBUG:discord.client: Dispatching event socket_response
2022-01-11 01:21:45,880:DEBUG:discord.client: Dispatching event message
2022-01-11 01:21:45,880:DEBUG:discord.client: Dispatching event command
2022-01-11 01:21:46,738:DEBUG:discord.client: Dispatching event socket_raw_receive
2022-01-11 01:21:46,738:DEBUG:discord.gateway: For Shard ID None: WebSocket Event: {'t': 'CHANNEL_CREATE', 's': 32, 'op': 0, 'd': {'type': 1, 'recipients': [{'username': 'ali.asghar881', 'public_flags': 0, 'id': '237261877455880193', 'discriminator': '5473', 'avatar': '4b261a1c63f657f369872e0094976aa2'}], 'last_message_id': '930224930178621471', 'id': '920726574716829741'}}
2022-01-11 01:21:46,738:DEBUG:discord.client: Dispatching event socket_response
2022-01-11 01:21:46,748:DEBUG:discord.http: POST https://discord.com/api/v7/channels/920726574716829741/messages with {"content":"The editor has been loaded. You can use commands like !caption top or !whitespace top to edit your image."} has returned 200
2022-01-11 01:21:46,748:DEBUG:discord.http: POST https://discord.com/api/v7/channels/920726574716829741/messages has received {'id': '930224930178621471', 'type': 0, 'content': 'The editor has been loaded. You can use commands like !caption top or !whitespace top to edit your image.', 'channel_id': '920726574716829741', 'author': {'id': '905033935417909259', 'username': 'MyMemeBot', 'avatar': 'e792882ac8d5027c3d427e00c3c87b7c', 'discriminator': '1876', 'public_flags': 0, 'bot': True}, 'attachments': [], 'embeds': [], 'mentions': [], 'mention_roles': [], 'pinned': False, 'mention_everyone': False, 'tts': False, 'timestamp': '2022-01-10T22:21:46.098000+00:00', 'edited_timestamp': None, 'flags': 0, 'components': [], 'referenced_message': None}
2022-01-11 01:21:46,748:DEBUG:discord.client: Dispatching event command_completion
2022-01-11 01:21:46,748:DEBUG:discord.client: Dispatching event socket_raw_receive
2022-01-11 01:21:46,748:DEBUG:discord.gateway: For Shard ID None: WebSocket Event: {'t': 'MESSAGE_CREATE', 's': 33, 'op': 0, 'd': {'type': 0, 'tts': False, 'timestamp': '2022-01-10T22:21:46.098000+00:00', 'referenced_message': None, 'pinned': False, 'mentions': [], 'mention_roles': [], 'mention_everyone': False, 'id': '930224930178621471', 'flags': 0, 'embeds': [], 'edited_timestamp': None, 'content': 'The editor has been loaded. You can use commands like !caption top or !whitespace top to edit your image.', 'components': [], 'channel_id': '920726574716829741', 'author': {'username': 'MyMemeBot', 'public_flags': 0, 'id': '905033935417909259', 'discriminator': '1876', 'bot': True, 'avatar': 'e792882ac8d5027c3d427e00c3c87b7c'}, 'attachments': []}}
2022-01-11 01:21:46,748:DEBUG:discord.client: Dispatching event socket_response
2022-01-11 01:21:46,748:DEBUG:discord.client: Dispatching event message
2022-01-11 01:22:06,332:DEBUG:discord.gateway: Keeping shard ID None websocket alive with sequence 33.
2022-01-11 01:22:06,588:DEBUG:discord.client: Dispatching event socket_raw_receive
2022-01-11 01:22:06,588:DEBUG:discord.gateway: For Shard ID None: WebSocket Event: {'t': None, 's': None, 'op': 11, 'd': None}
2022-01-11 01:22:06,588:DEBUG:discord.client: Dispatching event socket_response
2022-01-11 01:22:13,051:DEBUG:discord.client: Dispatching event socket_raw_receive
2022-01-11 01:22:13,051:DEBUG:discord.gateway: For Shard ID None: WebSocket Event: {'t': 'CHANNEL_CREATE', 's': 34, 'op': 0, 'd': {'type': 1, 'recipients': [{'username': 'ali.asghar881', 'public_flags': 0, 'id': '237261877455880193', 'discriminator': '5473', 'avatar': '4b261a1c63f657f369872e0094976aa2'}], 'last_message_id': '930225040652369980', 'id': '920726574716829741'}}
2022-01-11 01:22:13,051:DEBUG:discord.client: Dispatching event socket_response
2022-01-11 01:22:13,053:DEBUG:discord.client: Dispatching event socket_raw_receive
2022-01-11 01:22:13,053:DEBUG:discord.gateway: For Shard ID None: WebSocket Event: {'t': 'MESSAGE_CREATE', 's': 35, 'op': 0, 'd': {'type': 0, 'tts': False, 'timestamp': '2022-01-10T22:22:12.437000+00:00', 'referenced_message': None, 'pinned': False, 'nonce': '930225041805672448', 'mentions': [], 'mention_roles': [], 'mention_everyone': False, 'id': '930225040652369980', 'flags': 0, 'embeds': [], 'edited_timestamp': None, 'content': '!caption top Whaaaaaaat?????', 'components': [], 'channel_id': '920726574716829741', 'author': {'username': 'ali.asghar881', 'public_flags': 0, 'id': '237261877455880193', 'discriminator': '5473', 'avatar': '4b261a1c63f657f369872e0094976aa2'}, 'attachments': []}}
2022-01-11 01:22:13,053:DEBUG:discord.client: Dispatching event socket_response
2022-01-11 01:22:13,053:DEBUG:discord.client: Dispatching event message
2022-01-11 01:22:13,055:DEBUG:discord.client: Dispatching event command
2022-01-11 01:22:14,786:DEBUG:discord.client: Dispatching event socket_raw_receive
2022-01-11 01:22:14,786:DEBUG:discord.gateway: For Shard ID None: WebSocket Event: {'t': 'CHANNEL_CREATE', 's': 36, 'op': 0, 'd': {'type': 1, 'recipients': [{'username': 'ali.asghar881', 'public_flags': 0, 'id': '237261877455880193', 'discriminator': '5473', 'avatar': '4b261a1c63f657f369872e0094976aa2'}], 'last_message_id': '930225046461509643', 'id': '920726574716829741'}}
2022-01-11 01:22:14,786:DEBUG:discord.client: Dispatching event socket_response
2022-01-11 01:22:14,788:DEBUG:discord.client: Dispatching event socket_raw_receive
2022-01-11 01:22:14,788:DEBUG:discord.gateway: For Shard ID None: WebSocket Event: {'t': 'MESSAGE_CREATE', 's': 37, 'op': 0, 'd': {'type': 0, 'tts': False, 'timestamp': '2022-01-10T22:22:13.822000+00:00', 'referenced_message': None, 'pinned': False, 'mentions': [], 'mention_roles': [], 'mention_everyone': False, 'id': '930225046461509643', 'flags': 0, 'embeds': [], 'edited_timestamp': None, 'content': '', 'components': [], 'channel_id': '920726574716829741', 'author': {'username': 'MyMemeBot', 'public_flags': 0, 'id': '905033935417909259', 'discriminator': '1876', 'bot': True, 'avatar': 'e792882ac8d5027c3d427e00c3c87b7c'}, 'attachments': [{'width': 1000, 'url': 'https://cdn.discordapp.com/attachments/920726574716829741/930225046348243036/new_image.jpg', 'size': 143084, 'proxy_url': 'https://media.discordapp.net/attachments/920726574716829741/930225046348243036/new_image.jpg', 'id': '930225046348243036', 'height': 846, 'filename': 'new_image.jpg', 'content_type': 'image/jpeg'}]}}
2022-01-11 01:22:14,789:DEBUG:discord.client: Dispatching event socket_response
2022-01-11 01:22:14,789:DEBUG:discord.client: Dispatching event message
2022-01-11 01:22:14,792:DEBUG:discord.http: POST https://discord.com/api/v7/channels/920726574716829741/messages with <aiohttp.formdata.FormData object at 0x0000022FA2067EE0> has returned 200
2022-01-11 01:22:14,792:DEBUG:discord.http: POST https://discord.com/api/v7/channels/920726574716829741/messages has received {'id': '930225046461509643', 'type': 0, 'content': '', 'channel_id': '920726574716829741', 'author': {'id': '905033935417909259', 'username': 'MyMemeBot', 'avatar': 'e792882ac8d5027c3d427e00c3c87b7c', 'discriminator': '1876', 'public_flags': 0, 'bot': True}, 'attachments': [{'id': '930225046348243036', 'filename': 'new_image.jpg', 'size': 143084, 'url': 'https://cdn.discordapp.com/attachments/920726574716829741/930225046348243036/new_image.jpg', 'proxy_url': 'https://media.discordapp.net/attachments/920726574716829741/930225046348243036/new_image.jpg', 'width': 1000, 'height': 846, 'content_type': 'image/jpeg'}], 'embeds': [], 'mentions': [], 'mention_roles': [], 'pinned': False, 'mention_everyone': False, 'tts': False, 'timestamp': '2022-01-10T22:22:13.822000+00:00', 'edited_timestamp': None, 'flags': 0, 'components': [], 'referenced_message': None}
2022-01-11 01:22:14,793:DEBUG:discord.client: Dispatching event command_completion
2022-01-11 01:22:24,998:DEBUG:discord.client: Dispatching event socket_raw_receive
2022-01-11 01:22:24,999:DEBUG:discord.gateway: For Shard ID None: WebSocket Event: {'t': 'CHANNEL_CREATE', 's': 38, 'op': 0, 'd': {'type': 1, 'recipients': [{'username': 'ali.asghar881', 'public_flags': 0, 'id': '237261877455880193', 'discriminator': '5473', 'avatar': '4b261a1c63f657f369872e0094976aa2'}], 'last_message_id': '930225090661056615', 'id': '920726574716829741'}}
2022-01-11 01:22:24,999:DEBUG:discord.client: Dispatching event socket_response
2022-01-11 01:22:24,999:DEBUG:discord.client: Dispatching event socket_raw_receive
2022-01-11 01:22:24,999:DEBUG:discord.gateway: For Shard ID None: WebSocket Event: {'t': 'MESSAGE_CREATE', 's': 39, 'op': 0, 'd': {'type': 0, 'tts': False, 'timestamp': '2022-01-10T22:22:24.360000+00:00', 'referenced_message': None, 'pinned': False, 'nonce': '930225092074405888', 'mentions': [], 'mention_roles': [], 'mention_everyone': False, 'id': '930225090661056615', 'flags': 0, 'embeds': [], 'edited_timestamp': None, 'content': '!text size 50', 'components': [], 'channel_id': '920726574716829741', 'author': {'username': 'ali.asghar881', 'public_flags': 0, 'id': '237261877455880193', 'discriminator': '5473', 'avatar': '4b261a1c63f657f369872e0094976aa2'}, 'attachments': []}}
2022-01-11 01:22:24,999:DEBUG:discord.client: Dispatching event socket_response
2022-01-11 01:22:24,999:DEBUG:discord.client: Dispatching event message
2022-01-11 01:22:24,999:DEBUG:discord.client: Dispatching event command
2022-01-11 01:22:25,260:DEBUG:discord.client: Dispatching event socket_raw_receive
2022-01-11 01:22:25,260:DEBUG:discord.gateway: For Shard ID None: WebSocket Event: {'t': 'CHANNEL_CREATE', 's': 40, 'op': 0, 'd': {'type': 1, 'recipients': [{'username': 'ali.asghar881', 'public_flags': 0, 'id': '237261877455880193', 'discriminator': '5473', 'avatar': '4b261a1c63f657f369872e0094976aa2'}], 'last_message_id': '930225092221362256', 'id': '920726574716829741'}}
2022-01-11 01:22:25,260:DEBUG:discord.client: Dispatching event socket_response
2022-01-11 01:22:25,260:DEBUG:discord.client: Dispatching event socket_raw_receive
2022-01-11 01:22:25,260:DEBUG:discord.gateway: For Shard ID None: WebSocket Event: {'t': 'MESSAGE_CREATE', 's': 41, 'op': 0, 'd': {'type': 0, 'tts': False, 'timestamp': '2022-01-10T22:22:24.732000+00:00', 'referenced_message': None, 'pinned': False, 'mentions': [], 'mention_roles': [], 'mention_everyone': False, 'id': '930225092221362256', 'flags': 0, 'embeds': [], 'edited_timestamp': None, 'content': 'Text size changed to 50.', 'components': [], 'channel_id': '920726574716829741', 'author': {'username': 'MyMemeBot', 'public_flags': 0, 'id': '905033935417909259', 'discriminator': '1876', 'bot': True, 'avatar': 'e792882ac8d5027c3d427e00c3c87b7c'}, 'attachments': []}}
2022-01-11 01:22:25,265:DEBUG:discord.client: Dispatching event socket_response
2022-01-11 01:22:25,265:DEBUG:discord.client: Dispatching event message
2022-01-11 01:22:25,268:DEBUG:discord.http: POST https://discord.com/api/v7/channels/920726574716829741/messages with {"content":"Text size changed to 50."} has returned 200
2022-01-11 01:22:25,268:DEBUG:discord.http: POST https://discord.com/api/v7/channels/920726574716829741/messages has received {'id': '930225092221362256', 'type': 0, 'content': 'Text size changed to 50.', 'channel_id': '920726574716829741', 'author': {'id': '905033935417909259', 'username': 'MyMemeBot', 'avatar': 'e792882ac8d5027c3d427e00c3c87b7c', 'discriminator': '1876', 'public_flags': 0, 'bot': True}, 'attachments': [], 'embeds': [], 'mentions': [], 'mention_roles': [], 'pinned': False, 'mention_everyone': False, 'tts': False, 'timestamp': '2022-01-10T22:22:24.732000+00:00', 'edited_timestamp': None, 'flags': 0, 'components': [], 'referenced_message': None}
2022-01-11 01:22:26,348:DEBUG:discord.client: Dispatching event socket_raw_receive
2022-01-11 01:22:26,349:DEBUG:discord.gateway: For Shard ID None: WebSocket Event: {'t': 'CHANNEL_CREATE', 's': 42, 'op': 0, 'd': {'type': 1, 'recipients': [{'username': 'ali.asghar881', 'public_flags': 0, 'id': '237261877455880193', 'discriminator': '5473', 'avatar': '4b261a1c63f657f369872e0094976aa2'}], 'last_message_id': '930225096465997885', 'id': '920726574716829741'}}
2022-01-11 01:22:26,349:DEBUG:discord.client: Dispatching event socket_response
2022-01-11 01:22:26,350:DEBUG:discord.client: Dispatching event socket_raw_receive
2022-01-11 01:22:26,351:DEBUG:discord.gateway: For Shard ID None: WebSocket Event: {'t': 'MESSAGE_CREATE', 's': 43, 'op': 0, 'd': {'type': 0, 'tts': False, 'timestamp': '2022-01-10T22:22:25.744000+00:00', 'referenced_message': None, 'pinned': False, 'mentions': [], 'mention_roles': [], 'mention_everyone': False, 'id': '930225096465997885', 'flags': 0, 'embeds': [], 'edited_timestamp': None, 'content': '', 'components': [], 'channel_id': '920726574716829741', 'author': {'username': 'MyMemeBot', 'public_flags': 0, 'id': '905033935417909259', 'discriminator': '1876', 'bot': True, 'avatar': 'e792882ac8d5027c3d427e00c3c87b7c'}, 'attachments': [{'width': 1000, 'url': 'https://cdn.discordapp.com/attachments/920726574716829741/930225096612786176/new_image.jpg', 'size': 143742, 'proxy_url': 'https://media.discordapp.net/attachments/920726574716829741/930225096612786176/new_image.jpg', 'id': '930225096612786176', 'height': 846, 'filename': 'new_image.jpg', 'content_type': 'image/jpeg'}]}}
2022-01-11 01:22:26,351:DEBUG:discord.client: Dispatching event socket_response
2022-01-11 01:22:26,351:DEBUG:discord.client: Dispatching event message
2022-01-11 01:22:26,362:DEBUG:discord.http: POST https://discord.com/api/v7/channels/920726574716829741/messages with <aiohttp.formdata.FormData object at 0x0000022FA20E4A00> has returned 200
2022-01-11 01:22:26,363:DEBUG:discord.http: POST https://discord.com/api/v7/channels/920726574716829741/messages has received {'id': '930225096465997885', 'type': 0, 'content': '', 'channel_id': '920726574716829741', 'author': {'id': '905033935417909259', 'username': 'MyMemeBot', 'avatar': 'e792882ac8d5027c3d427e00c3c87b7c', 'discriminator': '1876', 'public_flags': 0, 'bot': True}, 'attachments': [{'id': '930225096612786176', 'filename': 'new_image.jpg', 'size': 143742, 'url': 'https://cdn.discordapp.com/attachments/920726574716829741/930225096612786176/new_image.jpg', 'proxy_url': 'https://media.discordapp.net/attachments/920726574716829741/930225096612786176/new_image.jpg', 'width': 1000, 'height': 846, 'content_type': 'image/jpeg'}], 'embeds': [], 'mentions': [], 'mention_roles': [], 'pinned': False, 'mention_everyone': False, 'tts': False, 'timestamp': '2022-01-10T22:22:25.744000+00:00', 'edited_timestamp': None, 'flags': 0, 'components': [], 'referenced_message': None}
2022-01-11 01:22:26,363:DEBUG:discord.client: Dispatching event command_completion
2022-01-11 01:22:33,506:DEBUG:discord.client: Dispatching event socket_raw_receive
2022-01-11 01:22:33,506:DEBUG:discord.gateway: For Shard ID None: WebSocket Event: {'t': 'CHANNEL_CREATE', 's': 44, 'op': 0, 'd': {'type': 1, 'recipients': [{'username': 'ali.asghar881', 'public_flags': 0, 'id': '237261877455880193', 'discriminator': '5473', 'avatar': '4b261a1c63f657f369872e0094976aa2'}], 'last_message_id': '930225125045973052', 'id': '920726574716829741'}}
2022-01-11 01:22:33,506:DEBUG:discord.client: Dispatching event socket_response
2022-01-11 01:22:33,508:DEBUG:discord.client: Dispatching event socket_raw_receive
2022-01-11 01:22:33,508:DEBUG:discord.gateway: For Shard ID None: WebSocket Event: {'t': 'MESSAGE_CREATE', 's': 45, 'op': 0, 'd': {'type': 0, 'tts': False, 'timestamp': '2022-01-10T22:22:32.558000+00:00', 'referenced_message': None, 'pinned': False, 'nonce': '930225125763055616', 'mentions': [], 'mention_roles': [], 'mention_everyone': False, 'id': '930225125045973052', 'flags': 0, 'embeds': [], 'edited_timestamp': None, 'content': '!text size 60', 'components': [], 'channel_id': '920726574716829741', 'author': {'username': 'ali.asghar881', 'public_flags': 0, 'id': '237261877455880193', 'discriminator': '5473', 'avatar': '4b261a1c63f657f369872e0094976aa2'}, 'attachments': []}}
2022-01-11 01:22:33,509:DEBUG:discord.client: Dispatching event socket_response
2022-01-11 01:22:33,509:DEBUG:discord.client: Dispatching event message
2022-01-11 01:22:33,510:DEBUG:discord.client: Dispatching event command
2022-01-11 01:22:33,950:DEBUG:discord.client: Dispatching event socket_raw_receive
2022-01-11 01:22:33,961:DEBUG:discord.gateway: For Shard ID None: WebSocket Event: {'t': 'CHANNEL_CREATE', 's': 46, 'op': 0, 'd': {'type': 1, 'recipients': [{'username': 'ali.asghar881', 'public_flags': 0, 'id': '237261877455880193', 'discriminator': '5473', 'avatar': '4b261a1c63f657f369872e0094976aa2'}], 'last_message_id': '930225127885516830', 'id': '920726574716829741'}}
2022-01-11 01:22:33,961:DEBUG:discord.client: Dispatching event socket_response
2022-01-11 01:22:33,962:DEBUG:discord.client: Dispatching event socket_raw_receive
2022-01-11 01:22:33,962:DEBUG:discord.gateway: For Shard ID None: WebSocket Event: {'t': 'MESSAGE_CREATE', 's': 47, 'op': 0, 'd': {'type': 0, 'tts': False, 'timestamp': '2022-01-10T22:22:33.235000+00:00', 'referenced_message': None, 'pinned': False, 'mentions': [], 'mention_roles': [], 'mention_everyone': False, 'id': '930225127885516830', 'flags': 0, 'embeds': [], 'edited_timestamp': None, 'content': 'Text size changed to 60.', 'components': [], 'channel_id': '920726574716829741', 'author': {'username': 'MyMemeBot', 'public_flags': 0, 'id': '905033935417909259', 'discriminator': '1876', 'bot': True, 'avatar': 'e792882ac8d5027c3d427e00c3c87b7c'}, 'attachments': []}}
2022-01-11 01:22:33,962:DEBUG:discord.client: Dispatching event socket_response
2022-01-11 01:22:33,962:DEBUG:discord.client: Dispatching event message
2022-01-11 01:22:33,972:DEBUG:discord.http: POST https://discord.com/api/v7/channels/920726574716829741/messages with {"content":"Text size changed to 60."} has returned 200
2022-01-11 01:22:33,988:DEBUG:discord.http: POST https://discord.com/api/v7/channels/920726574716829741/messages has received {'id': '930225127885516830', 'type': 0, 'content': 'Text size changed to 60.', 'channel_id': '920726574716829741', 'author': {'id': '905033935417909259', 'username': 'MyMemeBot', 'avatar': 'e792882ac8d5027c3d427e00c3c87b7c', 'discriminator': '1876', 'public_flags': 0, 'bot': True}, 'attachments': [], 'embeds': [], 'mentions': [], 'mention_roles': [], 'pinned': False, 'mention_everyone': False, 'tts': False, 'timestamp': '2022-01-10T22:22:33.235000+00:00', 'edited_timestamp': None, 'flags': 0, 'components': [], 'referenced_message': None}
2022-01-11 01:22:34,869:DEBUG:discord.client: Dispatching event socket_raw_receive
2022-01-11 01:22:34,869:DEBUG:discord.gateway: For Shard ID None: WebSocket Event: {'t': 'CHANNEL_CREATE', 's': 48, 'op': 0, 'd': {'type': 1, 'recipients': [{'username': 'ali.asghar881', 'public_flags': 0, 'id': '237261877455880193', 'discriminator': '5473', 'avatar': '4b261a1c63f657f369872e0094976aa2'}], 'last_message_id': '930225132163698699', 'id': '920726574716829741'}}
2022-01-11 01:22:34,869:DEBUG:discord.client: Dispatching event socket_response
2022-01-11 01:22:34,871:DEBUG:discord.client: Dispatching event socket_raw_receive
2022-01-11 01:22:34,872:DEBUG:discord.gateway: For Shard ID None: WebSocket Event: {'t': 'MESSAGE_CREATE', 's': 49, 'op': 0, 'd': {'type': 0, 'tts': False, 'timestamp': '2022-01-10T22:22:34.255000+00:00', 'referenced_message': None, 'pinned': False, 'mentions': [], 'mention_roles': [], 'mention_everyone': False, 'id': '930225132163698699', 'flags': 0, 'embeds': [], 'edited_timestamp': None, 'content': '', 'components': [], 'channel_id': '920726574716829741', 'author': {'username': 'MyMemeBot', 'public_flags': 0, 'id': '905033935417909259', 'discriminator': '1876', 'bot': True, 'avatar': 'e792882ac8d5027c3d427e00c3c87b7c'}, 'attachments': [{'width': 1000, 'url': 'https://cdn.discordapp.com/attachments/920726574716829741/930225132377624576/new_image.jpg', 'size': 145244, 'proxy_url': 'https://media.discordapp.net/attachments/920726574716829741/930225132377624576/new_image.jpg', 'id': '930225132377624576', 'height': 846, 'filename': 'new_image.jpg', 'content_type': 'image/jpeg'}]}}
2022-01-11 01:22:34,872:DEBUG:discord.client: Dispatching event socket_response
2022-01-11 01:22:34,872:DEBUG:discord.client: Dispatching event message
2022-01-11 01:22:34,883:DEBUG:discord.http: POST https://discord.com/api/v7/channels/920726574716829741/messages with <aiohttp.formdata.FormData object at 0x0000022FA2A4C3D0> has returned 200
2022-01-11 01:22:34,883:DEBUG:discord.http: POST https://discord.com/api/v7/channels/920726574716829741/messages has received {'id': '930225132163698699', 'type': 0, 'content': '', 'channel_id': '920726574716829741', 'author': {'id': '905033935417909259', 'username': 'MyMemeBot', 'avatar': 'e792882ac8d5027c3d427e00c3c87b7c', 'discriminator': '1876', 'public_flags': 0, 'bot': True}, 'attachments': [{'id': '930225132377624576', 'filename': 'new_image.jpg', 'size': 145244, 'url': 'https://cdn.discordapp.com/attachments/920726574716829741/930225132377624576/new_image.jpg', 'proxy_url': 'https://media.discordapp.net/attachments/920726574716829741/930225132377624576/new_image.jpg', 'width': 1000, 'height': 846, 'content_type': 'image/jpeg'}], 'embeds': [], 'mentions': [], 'mention_roles': [], 'pinned': False, 'mention_everyone': False, 'tts': False, 'timestamp': '2022-01-10T22:22:34.255000+00:00', 'edited_timestamp': None, 'flags': 0, 'components': [], 'referenced_message': None}
2022-01-11 01:22:34,883:DEBUG:discord.client: Dispatching event command_completion
2022-01-11 01:22:47,591:DEBUG:discord.gateway: Keeping shard ID None websocket alive with sequence 49.
2022-01-11 01:22:47,749:DEBUG:discord.client: Dispatching event socket_raw_receive
2022-01-11 01:22:47,749:DEBUG:discord.gateway: For Shard ID None: WebSocket Event: {'t': None, 's': None, 'op': 11, 'd': None}
2022-01-11 01:22:47,750:DEBUG:discord.client: Dispatching event socket_response
2022-01-11 01:23:28,854:DEBUG:discord.gateway: Keeping shard ID None websocket alive with sequence 49.
2022-01-11 01:23:29,000:DEBUG:discord.client: Dispatching event socket_raw_receive
2022-01-11 01:23:29,000:DEBUG:discord.gateway: For Shard ID None: WebSocket Event: {'t': None, 's': None, 'op': 11, 'd': None}
2022-01-11 01:23:29,001:DEBUG:discord.client: Dispatching event socket_response
2022-01-11 01:24:10,108:DEBUG:discord.gateway: Keeping shard ID None websocket alive with sequence 49.
2022-01-11 01:24:10,255:DEBUG:discord.client: Dispatching event socket_raw_receive
2022-01-11 01:24:10,255:DEBUG:discord.gateway: For Shard ID None: WebSocket Event: {'t': None, 's': None, 'op': 11, 'd': None}
2022-01-11 01:24:10,255:DEBUG:discord.client: Dispatching event socket_response
2022-01-11 01:24:51,366:DEBUG:discord.gateway: Keeping shard ID None websocket alive with sequence 49.
2022-01-11 01:24:51,567:DEBUG:discord.client: Dispatching event socket_raw_receive
2022-01-11 01:24:51,567:DEBUG:discord.gateway: For Shard ID None: WebSocket Event: {'t': None, 's': None, 'op': 11, 'd': None}
2022-01-11 01:24:51,568:DEBUG:discord.client: Dispatching event socket_response
2022-01-11 01:25:32,628:DEBUG:discord.gateway: Keeping shard ID None websocket alive with sequence 49.
2022-01-11 01:25:32,899:DEBUG:discord.client: Dispatching event socket_raw_receive
2022-01-11 01:25:32,899:DEBUG:discord.gateway: For Shard ID None: WebSocket Event: {'t': None, 's': None, 'op': 11, 'd': None}
2022-01-11 01:25:32,900:DEBUG:discord.client: Dispatching event socket_response
2022-01-11 01:26:13,886:DEBUG:discord.gateway: Keeping shard ID None websocket alive with sequence 49.
2022-01-11 01:26:14,128:DEBUG:discord.client: Dispatching event socket_raw_receive
2022-01-11 01:26:14,368:DEBUG:discord.gateway: For Shard ID None: WebSocket Event: {'t': None, 's': None, 'op': 11, 'd': None}
2022-01-11 01:26:14,368:DEBUG:discord.client: Dispatching event socket_response
2022-01-11 01:26:55,158:DEBUG:discord.gateway: Keeping shard ID None websocket alive with sequence 49.
2022-01-11 01:26:55,382:DEBUG:discord.client: Dispatching event socket_raw_receive
2022-01-11 01:26:55,382:DEBUG:discord.gateway: For Shard ID None: WebSocket Event: {'t': None, 's': None, 'op': 11, 'd': None}
2022-01-11 01:26:55,382:DEBUG:discord.client: Dispatching event socket_response
2022-01-11 01:27:36,416:DEBUG:discord.gateway: Keeping shard ID None websocket alive with sequence 49.
2022-01-11 01:27:36,624:DEBUG:discord.client: Dispatching event socket_raw_receive
2022-01-11 01:27:36,627:DEBUG:discord.gateway: For Shard ID None: WebSocket Event: {'t': None, 's': None, 'op': 11, 'd': None}
2022-01-11 01:27:36,627:DEBUG:discord.client: Dispatching event socket_response
2022-01-11 01:28:17,677:DEBUG:discord.gateway: Keeping shard ID None websocket alive with sequence 49.
2022-01-11 01:28:17,826:DEBUG:discord.client: Dispatching event socket_raw_receive
2022-01-11 01:28:17,826:DEBUG:discord.gateway: For Shard ID None: WebSocket Event: {'t': None, 's': None, 'op': 11, 'd': None}
2022-01-11 01:28:17,826:DEBUG:discord.client: Dispatching event socket_response
2022-01-11 01:28:58,948:DEBUG:discord.gateway: Keeping shard ID None websocket alive with sequence 49.
2022-01-11 01:28:59,100:DEBUG:discord.client: Dispatching event socket_raw_receive
2022-01-11 01:28:59,100:DEBUG:discord.gateway: For Shard ID None: WebSocket Event: {'t': None, 's': None, 'op': 11, 'd': None}
2022-01-11 01:28:59,100:DEBUG:discord.client: Dispatching event socket_response
2022-01-11 01:29:40,210:DEBUG:discord.gateway: Keeping shard ID None websocket alive with sequence 49.
2022-01-11 01:29:40,357:DEBUG:discord.client: Dispatching event socket_raw_receive
2022-01-11 01:29:40,358:DEBUG:discord.gateway: For Shard ID None: WebSocket Event: {'t': None, 's': None, 'op': 11, 'd': None}
2022-01-11 01:29:40,359:DEBUG:discord.client: Dispatching event socket_response
